<?xml version="1.0" encoding="UTF-8"?>
<testng-results ignored="0" total="1" passed="1" failed="0" skipped="0">
  <reporter-output>
  </reporter-output>
  <suite started-at="2023-12-26T03:34:55Z" name="Default suite" finished-at="2023-12-26T03:35:08Z" duration-ms="12947">
    <groups>
    </groups>
    <test started-at="2023-12-26T03:34:55Z" name="Default test" finished-at="2023-12-26T03:35:08Z" duration-ms="12947">
      <class name="tests.BrowserTest">
        <test-method signature="browserTest()[pri:0, instance:tests.BrowserTest@4082ba93]" started-at="2023-12-26T00:34:55Z" name="browserTest" finished-at="2023-12-26T00:35:08Z" duration-ms="12935" status="PASS">
          <reporter-output>
          </reporter-output>
        </test-method> <!-- browserTest -->
      </class> <!-- tests.BrowserTest -->
    </test> <!-- Default test -->
  </suite> <!-- Default suite -->
</testng-results>
